{"/Applications/MAMP/htdocs/Jsend/src/core.js":{"path":"/Applications/MAMP/htdocs/Jsend/src/core.js","s":{"1":1,"2":1,"3":1,"4":1,"5":1,"6":2,"7":2,"8":1,"9":2,"10":1,"11":1},"b":{"1":[1,1],"2":[2,1,1]},"f":{"1":1,"2":1,"3":1,"4":2,"5":1},"fnMap":{"1":{"name":"(anonymous_1)","line":13,"loc":{"start":{"line":13,"column":1},"end":{"line":13,"column":13}}},"2":{"name":"core","line":16,"loc":{"start":{"line":16,"column":14},"end":{"line":16,"column":30}}},"3":{"name":"jsendGet","line":20,"loc":{"start":{"line":20,"column":8},"end":{"line":20,"column":37}}},"4":{"name":"jsendPost","line":31,"loc":{"start":{"line":31,"column":9},"end":{"line":31,"column":48}}},"5":{"name":"jsendJsonp","line":48,"loc":{"start":{"line":48,"column":10},"end":{"line":48,"column":41}}}},"statementMap":{"1":{"start":{"line":13,"column":0},"end":{"line":61,"column":5}},"2":{"start":{"line":16,"column":1},"end":{"line":58,"column":6}},"3":{"start":{"line":17,"column":2},"end":{"line":17,"column":37}},"4":{"start":{"line":19,"column":2},"end":{"line":57,"column":4}},"5":{"start":{"line":21,"column":4},"end":{"line":28,"column":7}},"6":{"start":{"line":32,"column":4},"end":{"line":39,"column":7}},"7":{"start":{"line":41,"column":4},"end":{"line":43,"column":5}},"8":{"start":{"line":42,"column":5},"end":{"line":42,"column":38}},"9":{"start":{"line":45,"column":4},"end":{"line":45,"column":27}},"10":{"start":{"line":49,"column":4},"end":{"line":55,"column":7}},"11":{"start":{"line":60,"column":1},"end":{"line":60,"column":24}}},"branchMap":{"1":{"line":41,"type":"if","locations":[{"start":{"line":41,"column":4},"end":{"line":41,"column":4}},{"start":{"line":41,"column":4},"end":{"line":41,"column":4}}]},"2":{"line":41,"type":"binary-expr","locations":[{"start":{"line":41,"column":9},"end":{"line":41,"column":16}},{"start":{"line":41,"column":20},"end":{"line":41,"column":47}},{"start":{"line":41,"column":51},"end":{"line":41,"column":82}}]}}},"/Applications/MAMP/htdocs/Jsend/src/request.js":{"path":"/Applications/MAMP/htdocs/Jsend/src/request.js","s":{"1":2,"2":2,"3":2,"4":5,"5":5,"6":1,"7":4,"8":4,"9":4,"10":4,"11":4,"12":4,"13":4,"14":4,"15":2},"b":{"1":[1,4],"2":[1,1],"3":[1,3],"4":[4,0],"5":[4,2,4],"6":[3,1]},"f":{"1":2,"2":5,"3":4,"4":4},"fnMap":{"1":{"name":"(anonymous_1)","line":1,"loc":{"start":{"line":1,"column":1},"end":{"line":1,"column":13}}},"2":{"name":"request","line":12,"loc":{"start":{"line":12,"column":11},"end":{"line":12,"column":36}}},"3":{"name":"handlePromise","line":31,"loc":{"start":{"line":31,"column":31},"end":{"line":31,"column":71}}},"4":{"name":"(anonymous_4)","line":32,"loc":{"start":{"line":32,"column":33},"end":{"line":32,"column":58}}}},"statementMap":{"1":{"start":{"line":1,"column":0},"end":{"line":42,"column":5}},"2":{"start":{"line":4,"column":1},"end":{"line":10,"column":10}},"3":{"start":{"line":12,"column":1},"end":{"line":39,"column":3}},"4":{"start":{"line":13,"column":2},"end":{"line":14,"column":18}},"5":{"start":{"line":16,"column":2},"end":{"line":18,"column":3}},"6":{"start":{"line":17,"column":3},"end":{"line":17,"column":90}},"7":{"start":{"line":21,"column":2},"end":{"line":21,"column":91}},"8":{"start":{"line":24,"column":2},"end":{"line":28,"column":3}},"9":{"start":{"line":25,"column":3},"end":{"line":25,"column":119}},"10":{"start":{"line":27,"column":3},"end":{"line":27,"column":23}},"11":{"start":{"line":31,"column":2},"end":{"line":35,"column":5}},"12":{"start":{"line":32,"column":3},"end":{"line":34,"column":6}},"13":{"start":{"line":33,"column":4},"end":{"line":33,"column":45}},"14":{"start":{"line":38,"column":2},"end":{"line":38,"column":24}},"15":{"start":{"line":41,"column":1},"end":{"line":41,"column":26}}},"branchMap":{"1":{"line":16,"type":"if","locations":[{"start":{"line":16,"column":2},"end":{"line":16,"column":2}},{"start":{"line":16,"column":2},"end":{"line":16,"column":2}}]},"2":{"line":17,"type":"binary-expr","locations":[{"start":{"line":17,"column":10},"end":{"line":17,"column":17}},{"start":{"line":17,"column":21},"end":{"line":17,"column":89}}]},"3":{"line":21,"type":"cond-expr","locations":[{"start":{"line":21,"column":52},"end":{"line":21,"column":64}},{"start":{"line":21,"column":67},"end":{"line":21,"column":90}}]},"4":{"line":24,"type":"if","locations":[{"start":{"line":24,"column":2},"end":{"line":24,"column":2}},{"start":{"line":24,"column":2},"end":{"line":24,"column":2}}]},"5":{"line":24,"type":"binary-expr","locations":[{"start":{"line":24,"column":8},"end":{"line":24,"column":32}},{"start":{"line":24,"column":36},"end":{"line":24,"column":59}},{"start":{"line":24,"column":64},"end":{"line":24,"column":76}}]},"6":{"line":25,"type":"cond-expr","locations":[{"start":{"line":25,"column":51},"end":{"line":25,"column":83}},{"start":{"line":25,"column":86},"end":{"line":25,"column":118}}]}}},"/Applications/MAMP/htdocs/Jsend/src/serialize.js":{"path":"/Applications/MAMP/htdocs/Jsend/src/serialize.js","s":{"1":1,"2":1,"3":4,"4":4,"5":1,"6":3,"7":9,"8":9,"9":3,"10":1},"b":{"1":[1,3],"2":[9,0]},"f":{"1":1,"2":4},"fnMap":{"1":{"name":"(anonymous_1)","line":1,"loc":{"start":{"line":1,"column":1},"end":{"line":1,"column":12}}},"2":{"name":"serialize","line":4,"loc":{"start":{"line":4,"column":17},"end":{"line":4,"column":42}}}},"statementMap":{"1":{"start":{"line":1,"column":0},"end":{"line":22,"column":5}},"2":{"start":{"line":4,"column":1},"end":{"line":19,"column":3}},"3":{"start":{"line":5,"column":2},"end":{"line":6,"column":13}},"4":{"start":{"line":8,"column":2},"end":{"line":10,"column":3}},"5":{"start":{"line":9,"column":3},"end":{"line":9,"column":61}},"6":{"start":{"line":12,"column":2},"end":{"line":16,"column":3}},"7":{"start":{"line":13,"column":3},"end":{"line":15,"column":4}},"8":{"start":{"line":14,"column":4},"end":{"line":14,"column":40}},"9":{"start":{"line":18,"column":2},"end":{"line":18,"column":23}},"10":{"start":{"line":21,"column":1},"end":{"line":21,"column":28}}},"branchMap":{"1":{"line":8,"type":"if","locations":[{"start":{"line":8,"column":2},"end":{"line":8,"column":2}},{"start":{"line":8,"column":2},"end":{"line":8,"column":2}}]},"2":{"line":13,"type":"if","locations":[{"start":{"line":13,"column":3},"end":{"line":13,"column":3}},{"start":{"line":13,"column":3},"end":{"line":13,"column":3}}]}}},"/Applications/MAMP/htdocs/Jsend/src/validate.js":{"path":"/Applications/MAMP/htdocs/Jsend/src/validate.js","s":{"1":2,"2":2,"3":2,"4":1,"5":4,"6":3,"7":2,"8":1,"9":1,"10":1,"11":4,"12":3,"13":1,"14":2,"15":1,"16":1,"17":2},"b":{"1":[3,1],"2":[4,3],"3":[2,1],"4":[3,2,2],"5":[1,0],"6":[1,1],"7":[3,1],"8":[1,2]},"f":{"1":2,"2":4,"3":4},"fnMap":{"1":{"name":"(anonymous_1)","line":1,"loc":{"start":{"line":1,"column":1},"end":{"line":1,"column":13}}},"2":{"name":"validateRequest","line":7,"loc":{"start":{"line":7,"column":23},"end":{"line":7,"column":80}}},"3":{"name":"isValidJsend","line":8,"loc":{"start":{"line":8,"column":2},"end":{"line":8,"column":34}}}},"statementMap":{"1":{"start":{"line":1,"column":0},"end":{"line":41,"column":5}},"2":{"start":{"line":4,"column":1},"end":{"line":5,"column":18}},"3":{"start":{"line":7,"column":1},"end":{"line":38,"column":3}},"4":{"start":{"line":8,"column":2},"end":{"line":20,"column":3}},"5":{"start":{"line":9,"column":3},"end":{"line":17,"column":4}},"6":{"start":{"line":10,"column":4},"end":{"line":16,"column":5}},"7":{"start":{"line":11,"column":5},"end":{"line":11,"column":17}},"8":{"start":{"line":14,"column":9},"end":{"line":16,"column":5}},"9":{"start":{"line":15,"column":5},"end":{"line":15,"column":17}},"10":{"start":{"line":19,"column":3},"end":{"line":19,"column":16}},"11":{"start":{"line":23,"column":2},"end":{"line":37,"column":3}},"12":{"start":{"line":25,"column":3},"end":{"line":29,"column":4}},"13":{"start":{"line":26,"column":4},"end":{"line":26,"column":22}},"14":{"start":{"line":28,"column":4},"end":{"line":28,"column":21}},"15":{"start":{"line":31,"column":3},"end":{"line":34,"column":5}},"16":{"start":{"line":36,"column":3},"end":{"line":36,"column":20}},"17":{"start":{"line":40,"column":1},"end":{"line":40,"column":34}}},"branchMap":{"1":{"line":9,"type":"if","locations":[{"start":{"line":9,"column":3},"end":{"line":9,"column":3}},{"start":{"line":9,"column":3},"end":{"line":9,"column":3}}]},"2":{"line":9,"type":"binary-expr","locations":[{"start":{"line":9,"column":8},"end":{"line":9,"column":16}},{"start":{"line":9,"column":20},"end":{"line":9,"column":53}}]},"3":{"line":10,"type":"if","locations":[{"start":{"line":10,"column":4},"end":{"line":10,"column":4}},{"start":{"line":10,"column":4},"end":{"line":10,"column":4}}]},"4":{"line":10,"type":"binary-expr","locations":[{"start":{"line":10,"column":11},"end":{"line":10,"column":40}},{"start":{"line":10,"column":44},"end":{"line":10,"column":70}},{"start":{"line":10,"column":76},"end":{"line":10,"column":107}}]},"5":{"line":14,"type":"if","locations":[{"start":{"line":14,"column":9},"end":{"line":14,"column":9}},{"start":{"line":14,"column":9},"end":{"line":14,"column":9}}]},"6":{"line":14,"type":"binary-expr","locations":[{"start":{"line":14,"column":13},"end":{"line":14,"column":40}},{"start":{"line":14,"column":44},"end":{"line":14,"column":78}}]},"7":{"line":23,"type":"if","locations":[{"start":{"line":23,"column":2},"end":{"line":23,"column":2}},{"start":{"line":23,"column":2},"end":{"line":23,"column":2}}]},"8":{"line":25,"type":"if","locations":[{"start":{"line":25,"column":3},"end":{"line":25,"column":3}},{"start":{"line":25,"column":3},"end":{"line":25,"column":3}}]}}},"/Applications/MAMP/htdocs/Jsend/src/error.js":{"path":"/Applications/MAMP/htdocs/Jsend/src/error.js","s":{"1":1,"2":1,"3":8,"4":8,"5":1,"6":7,"7":1,"8":6,"9":1,"10":5,"11":1,"12":4,"13":1,"14":3,"15":1,"16":2,"17":1,"18":1,"19":8,"20":1},"b":{"1":[8,6],"2":[1,7],"3":[1,6],"4":[1,5],"5":[1,4],"6":[1,3],"7":[1,2],"8":[1,1]},"f":{"1":1,"2":8},"fnMap":{"1":{"name":"(anonymous_1)","line":1,"loc":{"start":{"line":1,"column":1},"end":{"line":1,"column":13}}},"2":{"name":"error","line":4,"loc":{"start":{"line":4,"column":13},"end":{"line":4,"column":40}}}},"statementMap":{"1":{"start":{"line":1,"column":0},"end":{"line":31,"column":5}},"2":{"start":{"line":4,"column":1},"end":{"line":28,"column":3}},"3":{"start":{"line":6,"column":2},"end":{"line":7,"column":23}},"4":{"start":{"line":9,"column":2},"end":{"line":25,"column":3}},"5":{"start":{"line":10,"column":3},"end":{"line":10,"column":26}},"6":{"start":{"line":11,"column":9},"end":{"line":25,"column":3}},"7":{"start":{"line":12,"column":3},"end":{"line":12,"column":29}},"8":{"start":{"line":13,"column":9},"end":{"line":25,"column":3}},"9":{"start":{"line":14,"column":3},"end":{"line":14,"column":43}},"10":{"start":{"line":15,"column":9},"end":{"line":25,"column":3}},"11":{"start":{"line":16,"column":3},"end":{"line":16,"column":30}},"12":{"start":{"line":17,"column":9},"end":{"line":25,"column":3}},"13":{"start":{"line":18,"column":3},"end":{"line":18,"column":32}},"14":{"start":{"line":19,"column":9},"end":{"line":25,"column":3}},"15":{"start":{"line":20,"column":3},"end":{"line":20,"column":32}},"16":{"start":{"line":21,"column":9},"end":{"line":25,"column":3}},"17":{"start":{"line":22,"column":3},"end":{"line":22,"column":40}},"18":{"start":{"line":24,"column":3},"end":{"line":24,"column":53}},"19":{"start":{"line":27,"column":2},"end":{"line":27,"column":13}},"20":{"start":{"line":30,"column":1},"end":{"line":30,"column":24}}},"branchMap":{"1":{"line":7,"type":"binary-expr","locations":[{"start":{"line":7,"column":11},"end":{"line":7,"column":16}},{"start":{"line":7,"column":20},"end":{"line":7,"column":22}}]},"2":{"line":9,"type":"if","locations":[{"start":{"line":9,"column":2},"end":{"line":9,"column":2}},{"start":{"line":9,"column":2},"end":{"line":9,"column":2}}]},"3":{"line":11,"type":"if","locations":[{"start":{"line":11,"column":9},"end":{"line":11,"column":9}},{"start":{"line":11,"column":9},"end":{"line":11,"column":9}}]},"4":{"line":13,"type":"if","locations":[{"start":{"line":13,"column":9},"end":{"line":13,"column":9}},{"start":{"line":13,"column":9},"end":{"line":13,"column":9}}]},"5":{"line":15,"type":"if","locations":[{"start":{"line":15,"column":9},"end":{"line":15,"column":9}},{"start":{"line":15,"column":9},"end":{"line":15,"column":9}}]},"6":{"line":17,"type":"if","locations":[{"start":{"line":17,"column":9},"end":{"line":17,"column":9}},{"start":{"line":17,"column":9},"end":{"line":17,"column":9}}]},"7":{"line":19,"type":"if","locations":[{"start":{"line":19,"column":9},"end":{"line":19,"column":9}},{"start":{"line":19,"column":9},"end":{"line":19,"column":9}}]},"8":{"line":21,"type":"if","locations":[{"start":{"line":21,"column":9},"end":{"line":21,"column":9}},{"start":{"line":21,"column":9},"end":{"line":21,"column":9}}]}}},"/Applications/MAMP/htdocs/Jsend/src/ajax.js":{"path":"/Applications/MAMP/htdocs/Jsend/src/ajax.js","s":{"1":2,"2":2,"3":2,"4":5,"5":5,"6":5,"7":3,"8":2,"9":5,"10":5,"11":5,"12":5,"13":0,"14":5,"15":5,"16":5,"17":3,"18":5,"19":5,"20":5,"21":5,"22":5,"23":0,"24":0,"25":0,"26":5,"27":14,"28":9,"29":5,"30":5,"31":1,"32":4,"33":5,"34":5,"35":2},"b":{"1":[3,2],"2":[5,3],"3":[3,2],"4":[0,5],"5":[5,0,0,0],"6":[3,2],"7":[5,0],"8":[9,5],"9":[14,5],"10":[5,5,5,1],"11":[1,4]},"f":{"1":2,"2":5,"3":5,"4":0,"5":14},"fnMap":{"1":{"name":"(anonymous_1)","line":1,"loc":{"start":{"line":1,"column":1},"end":{"line":1,"column":13}}},"2":{"name":"ajax","line":7,"loc":{"start":{"line":7,"column":12},"end":{"line":7,"column":45}}},"3":{"name":"isLteIE8","line":15,"loc":{"start":{"line":15,"column":15},"end":{"line":15,"column":35}}},"4":{"name":"ajaxOnTimeout","line":65,"loc":{"start":{"line":65,"column":18},"end":{"line":65,"column":43}}},"5":{"name":"ajaxOnLoad","line":79,"loc":{"start":{"line":79,"column":16},"end":{"line":79,"column":38}}}},"statementMap":{"1":{"start":{"line":1,"column":0},"end":{"line":105,"column":5}},"2":{"start":{"line":4,"column":1},"end":{"line":5,"column":29}},"3":{"start":{"line":7,"column":1},"end":{"line":102,"column":3}},"4":{"start":{"line":8,"column":2},"end":{"line":31,"column":19}},"5":{"start":{"line":16,"column":4},"end":{"line":16,"column":58}},"6":{"start":{"line":18,"column":4},"end":{"line":20,"column":5}},"7":{"start":{"line":19,"column":5},"end":{"line":19,"column":17}},"8":{"start":{"line":22,"column":4},"end":{"line":22,"column":17}},"9":{"start":{"line":34,"column":2},"end":{"line":39,"column":3}},"10":{"start":{"line":35,"column":3},"end":{"line":35,"column":29}},"11":{"start":{"line":38,"column":3},"end":{"line":38,"column":20}},"12":{"start":{"line":42,"column":2},"end":{"line":46,"column":3}},"13":{"start":{"line":43,"column":3},"end":{"line":43,"column":30}},"14":{"start":{"line":45,"column":3},"end":{"line":45,"column":30}},"15":{"start":{"line":49,"column":2},"end":{"line":49,"column":24}},"16":{"start":{"line":52,"column":2},"end":{"line":54,"column":3}},"17":{"start":{"line":53,"column":3},"end":{"line":53,"column":77}},"18":{"start":{"line":57,"column":2},"end":{"line":61,"column":3}},"19":{"start":{"line":58,"column":3},"end":{"line":60,"column":4}},"20":{"start":{"line":59,"column":4},"end":{"line":59,"column":47}},"21":{"start":{"line":64,"column":2},"end":{"line":64,"column":31}},"22":{"start":{"line":65,"column":2},"end":{"line":76,"column":4}},"23":{"start":{"line":67,"column":3},"end":{"line":67,"column":18}},"24":{"start":{"line":70,"column":3},"end":{"line":73,"column":5}},"25":{"start":{"line":75,"column":3},"end":{"line":75,"column":22}},"26":{"start":{"line":79,"column":2},"end":{"line":98,"column":4}},"27":{"start":{"line":81,"column":3},"end":{"line":83,"column":4}},"28":{"start":{"line":82,"column":4},"end":{"line":82,"column":11}},"29":{"start":{"line":86,"column":3},"end":{"line":86,"column":92}},"30":{"start":{"line":88,"column":3},"end":{"line":95,"column":4}},"31":{"start":{"line":89,"column":4},"end":{"line":92,"column":6}},"32":{"start":{"line":94,"column":4},"end":{"line":94,"column":39}},"33":{"start":{"line":97,"column":3},"end":{"line":97,"column":22}},"34":{"start":{"line":101,"column":2},"end":{"line":101,"column":17}},"35":{"start":{"line":104,"column":1},"end":{"line":104,"column":23}}},"branchMap":{"1":{"line":18,"type":"if","locations":[{"start":{"line":18,"column":4},"end":{"line":18,"column":4}},{"start":{"line":18,"column":4},"end":{"line":18,"column":4}}]},"2":{"line":18,"type":"binary-expr","locations":[{"start":{"line":18,"column":9},"end":{"line":18,"column":22}},{"start":{"line":18,"column":26},"end":{"line":18,"column":60}}]},"3":{"line":24,"type":"cond-expr","locations":[{"start":{"line":24,"column":23},"end":{"line":24,"column":43}},{"start":{"line":24,"column":46},"end":{"line":24,"column":54}}]},"4":{"line":42,"type":"if","locations":[{"start":{"line":42,"column":2},"end":{"line":42,"column":2}},{"start":{"line":42,"column":2},"end":{"line":42,"column":2}}]},"5":{"line":42,"type":"binary-expr","locations":[{"start":{"line":42,"column":7},"end":{"line":42,"column":19}},{"start":{"line":42,"column":24},"end":{"line":42,"column":65}},{"start":{"line":42,"column":69},"end":{"line":42,"column":102}},{"start":{"line":42,"column":107},"end":{"line":42,"column":151}}]},"6":{"line":52,"type":"if","locations":[{"start":{"line":52,"column":2},"end":{"line":52,"column":2}},{"start":{"line":52,"column":2},"end":{"line":52,"column":2}}]},"7":{"line":58,"type":"if","locations":[{"start":{"line":58,"column":3},"end":{"line":58,"column":3}},{"start":{"line":58,"column":3},"end":{"line":58,"column":3}}]},"8":{"line":81,"type":"if","locations":[{"start":{"line":81,"column":3},"end":{"line":81,"column":3}},{"start":{"line":81,"column":3},"end":{"line":81,"column":3}}]},"9":{"line":81,"type":"binary-expr","locations":[{"start":{"line":81,"column":7},"end":{"line":81,"column":27}},{"start":{"line":81,"column":31},"end":{"line":81,"column":38}}]},"10":{"line":86,"type":"binary-expr","locations":[{"start":{"line":86,"column":14},"end":{"line":86,"column":25}},{"start":{"line":86,"column":30},"end":{"line":86,"column":46}},{"start":{"line":86,"column":50},"end":{"line":86,"column":67}},{"start":{"line":86,"column":72},"end":{"line":86,"column":90}}]},"11":{"line":88,"type":"if","locations":[{"start":{"line":88,"column":3},"end":{"line":88,"column":3}},{"start":{"line":88,"column":3},"end":{"line":88,"column":3}}]}}},"/Applications/MAMP/htdocs/Jsend/src/merge.js":{"path":"/Applications/MAMP/htdocs/Jsend/src/merge.js","s":{"1":1,"2":1,"3":10,"4":10,"5":7,"6":7,"7":7,"8":11,"9":4,"10":7,"11":7,"12":3,"13":3,"14":3,"15":3,"16":6,"17":4,"18":2,"19":1,"20":1,"21":10,"22":1},"b":{"1":[10,7,3],"2":[7,3],"3":[7,3],"4":[4,7],"5":[7,0],"6":[3,0],"7":[3,3],"8":[4,2],"9":[6,2],"10":[1,1]},"f":{"1":1,"2":10,"3":11,"4":3,"5":6},"fnMap":{"1":{"name":"(anonymous_1)","line":1,"loc":{"start":{"line":1,"column":1},"end":{"line":1,"column":13}}},"2":{"name":"merge","line":5,"loc":{"start":{"line":5,"column":13},"end":{"line":5,"column":41}}},"3":{"name":"(anonymous_3)","line":13,"loc":{"start":{"line":13,"column":15},"end":{"line":13,"column":30}}},"4":{"name":"(anonymous_4)","line":24,"loc":{"start":{"line":24,"column":32},"end":{"line":24,"column":47}}},"5":{"name":"(anonymous_5)","line":28,"loc":{"start":{"line":28,"column":28},"end":{"line":28,"column":43}}}},"statementMap":{"1":{"start":{"line":1,"column":0},"end":{"line":46,"column":5}},"2":{"start":{"line":5,"column":1},"end":{"line":43,"column":3}},"3":{"start":{"line":6,"column":2},"end":{"line":7,"column":27}},"4":{"start":{"line":9,"column":2},"end":{"line":40,"column":3}},"5":{"start":{"line":10,"column":3},"end":{"line":10,"column":25}},"6":{"start":{"line":11,"column":3},"end":{"line":11,"column":28}},"7":{"start":{"line":13,"column":3},"end":{"line":21,"column":6}},"8":{"start":{"line":14,"column":4},"end":{"line":20,"column":5}},"9":{"start":{"line":15,"column":5},"end":{"line":15,"column":34}},"10":{"start":{"line":17,"column":5},"end":{"line":19,"column":6}},"11":{"start":{"line":18,"column":6},"end":{"line":18,"column":18}},"12":{"start":{"line":23,"column":3},"end":{"line":27,"column":4}},"13":{"start":{"line":24,"column":4},"end":{"line":26,"column":7}},"14":{"start":{"line":25,"column":5},"end":{"line":25,"column":28}},"15":{"start":{"line":28,"column":3},"end":{"line":39,"column":6}},"16":{"start":{"line":29,"column":4},"end":{"line":38,"column":5}},"17":{"start":{"line":30,"column":5},"end":{"line":30,"column":25}},"18":{"start":{"line":33,"column":5},"end":{"line":37,"column":6}},"19":{"start":{"line":34,"column":6},"end":{"line":34,"column":26}},"20":{"start":{"line":36,"column":6},"end":{"line":36,"column":46}},"21":{"start":{"line":42,"column":2},"end":{"line":42,"column":13}},"22":{"start":{"line":45,"column":1},"end":{"line":45,"column":24}}},"branchMap":{"1":{"line":7,"type":"binary-expr","locations":[{"start":{"line":7,"column":9},"end":{"line":7,"column":14}},{"start":{"line":7,"column":18},"end":{"line":7,"column":20}},{"start":{"line":7,"column":24},"end":{"line":7,"column":26}}]},"2":{"line":9,"type":"if","locations":[{"start":{"line":9,"column":2},"end":{"line":9,"column":2}},{"start":{"line":9,"column":2},"end":{"line":9,"column":2}}]},"3":{"line":10,"type":"binary-expr","locations":[{"start":{"line":10,"column":12},"end":{"line":10,"column":18}},{"start":{"line":10,"column":22},"end":{"line":10,"column":24}}]},"4":{"line":14,"type":"if","locations":[{"start":{"line":14,"column":4},"end":{"line":14,"column":4}},{"start":{"line":14,"column":4},"end":{"line":14,"column":4}}]},"5":{"line":17,"type":"if","locations":[{"start":{"line":17,"column":5},"end":{"line":17,"column":5}},{"start":{"line":17,"column":5},"end":{"line":17,"column":5}}]},"6":{"line":23,"type":"if","locations":[{"start":{"line":23,"column":3},"end":{"line":23,"column":3}},{"start":{"line":23,"column":3},"end":{"line":23,"column":3}}]},"7":{"line":23,"type":"binary-expr","locations":[{"start":{"line":23,"column":7},"end":{"line":23,"column":13}},{"start":{"line":23,"column":17},"end":{"line":23,"column":43}}]},"8":{"line":29,"type":"if","locations":[{"start":{"line":29,"column":4},"end":{"line":29,"column":4}},{"start":{"line":29,"column":4},"end":{"line":29,"column":4}}]},"9":{"line":29,"type":"binary-expr","locations":[{"start":{"line":29,"column":8},"end":{"line":29,"column":36}},{"start":{"line":29,"column":40},"end":{"line":29,"column":49}}]},"10":{"line":33,"type":"if","locations":[{"start":{"line":33,"column":5},"end":{"line":33,"column":5}},{"start":{"line":33,"column":5},"end":{"line":33,"column":5}}]}}},"/Applications/MAMP/htdocs/Jsend/src/jsonp.js":{"path":"/Applications/MAMP/htdocs/Jsend/src/jsonp.js","s":{"1":1,"2":1,"3":1,"4":0,"5":0,"6":0,"7":0,"8":0,"9":0,"10":0,"11":0,"12":0,"13":0,"14":0,"15":0,"16":1},"b":{"1":[0,0],"2":[0,0],"3":[0,0]},"f":{"1":1,"2":0,"3":0,"4":0},"fnMap":{"1":{"name":"(anonymous_1)","line":1,"loc":{"start":{"line":1,"column":1},"end":{"line":1,"column":13}}},"2":{"name":"jsonp","line":6,"loc":{"start":{"line":6,"column":13},"end":{"line":6,"column":47}}},"3":{"name":"jsonpOnError","line":15,"loc":{"start":{"line":15,"column":19},"end":{"line":15,"column":45}}},"4":{"name":"jsonpResponse","line":30,"loc":{"start":{"line":30,"column":34},"end":{"line":30,"column":67}}}},"statementMap":{"1":{"start":{"line":1,"column":0},"end":{"line":38,"column":5}},"2":{"start":{"line":4,"column":1},"end":{"line":4,"column":9}},"3":{"start":{"line":6,"column":1},"end":{"line":35,"column":3}},"4":{"start":{"line":7,"column":2},"end":{"line":9,"column":131}},"5":{"start":{"line":11,"column":2},"end":{"line":11,"column":19}},"6":{"start":{"line":13,"column":2},"end":{"line":13,"column":56}},"7":{"start":{"line":15,"column":2},"end":{"line":24,"column":4}},"8":{"start":{"line":16,"column":3},"end":{"line":23,"column":4}},"9":{"start":{"line":17,"column":4},"end":{"line":20,"column":6}},"10":{"start":{"line":22,"column":4},"end":{"line":22,"column":18}},"11":{"start":{"line":26,"column":2},"end":{"line":26,"column":19}},"12":{"start":{"line":28,"column":2},"end":{"line":28,"column":36}},"13":{"start":{"line":30,"column":2},"end":{"line":34,"column":4}},"14":{"start":{"line":31,"column":3},"end":{"line":31,"column":22}},"15":{"start":{"line":33,"column":3},"end":{"line":33,"column":40}},"16":{"start":{"line":37,"column":1},"end":{"line":37,"column":24}}},"branchMap":{"1":{"line":9,"type":"cond-expr","locations":[{"start":{"line":9,"column":43},"end":{"line":9,"column":77}},{"start":{"line":9,"column":80},"end":{"line":9,"column":130}}]},"2":{"line":13,"type":"binary-expr","locations":[{"start":{"line":13,"column":27},"end":{"line":13,"column":49}},{"start":{"line":13,"column":53},"end":{"line":13,"column":55}}]},"3":{"line":16,"type":"if","locations":[{"start":{"line":16,"column":3},"end":{"line":16,"column":3}},{"start":{"line":16,"column":3},"end":{"line":16,"column":3}}]}}}}