TN:
SF:/Applications/MAMP/htdocs/Jsend/src/core.js
FN:13,(anonymous_1)
FN:16,core
FN:29,jsendRequest
FN:36,(anonymous_4)
FN:37,(anonymous_5)
FNF:5
FNH:5
FNDA:1,(anonymous_1)
FNDA:1,core
FNDA:4,jsendRequest
FNDA:3,(anonymous_4)
FNDA:4,(anonymous_5)
DA:13,1
DA:16,1
DA:17,1
DA:29,1
DA:30,4
DA:32,4
DA:36,1
DA:37,3
DA:38,4
DA:40,4
DA:42,4
DA:45,3
DA:48,1
DA:51,1
LF:14
LH:14
BRF:0
BRH:0
end_of_record
TN:
SF:/Applications/MAMP/htdocs/Jsend/src/request.js
FN:1,(anonymous_1)
FN:16,request
FN:36,handlePromise
FN:37,(anonymous_4)
FNF:4
FNH:4
FNDA:2,(anonymous_1)
FNDA:5,request
FNDA:4,handlePromise
FNDA:4,(anonymous_4)
DA:1,2
DA:6,2
DA:16,2
DA:17,5
DA:19,5
DA:21,5
DA:22,1
DA:26,4
DA:29,4
DA:30,4
DA:32,4
DA:36,4
DA:37,4
DA:38,4
DA:43,4
DA:46,2
LF:16
LH:16
BRDA:21,1,0,1
BRDA:21,1,1,4
BRDA:26,2,0,1
BRDA:26,2,1,3
BRDA:29,3,0,4
BRDA:29,3,1,0
BRDA:29,4,0,4
BRDA:29,4,1,2
BRDA:29,4,2,4
BRDA:30,5,0,1
BRDA:30,5,1,3
BRF:11
BRH:10
end_of_record
TN:
SF:/Applications/MAMP/htdocs/Jsend/src/serialize.js
FN:1,(anonymous_1)
FN:4,serialize
FNF:2
FNH:2
FNDA:1,(anonymous_1)
FNDA:4,serialize
DA:1,1
DA:4,1
DA:5,4
DA:8,4
DA:9,1
DA:12,3
DA:13,9
DA:14,9
DA:18,3
DA:21,1
LF:10
LH:10
BRDA:8,1,0,1
BRDA:8,1,1,3
BRDA:13,2,0,9
BRDA:13,2,1,0
BRF:4
BRH:3
end_of_record
TN:
SF:/Applications/MAMP/htdocs/Jsend/src/validate.js
FN:1,(anonymous_1)
FN:7,validateRequest
FN:8,isValidJsend
FNF:3
FNH:3
FNDA:2,(anonymous_1)
FNDA:4,validateRequest
FNDA:4,isValidJsend
DA:1,2
DA:4,2
DA:7,2
DA:8,1
DA:9,4
DA:10,3
DA:11,2
DA:14,1
DA:15,1
DA:19,1
DA:23,4
DA:25,3
DA:26,1
DA:28,2
DA:31,1
DA:36,1
DA:40,2
LF:17
LH:17
BRDA:9,1,0,3
BRDA:9,1,1,1
BRDA:9,2,0,4
BRDA:9,2,1,3
BRDA:10,3,0,2
BRDA:10,3,1,1
BRDA:10,4,0,3
BRDA:10,4,1,2
BRDA:10,4,2,2
BRDA:14,5,0,1
BRDA:14,5,1,0
BRDA:14,6,0,1
BRDA:14,6,1,1
BRDA:23,7,0,3
BRDA:23,7,1,1
BRDA:25,8,0,1
BRDA:25,8,1,2
BRF:17
BRH:16
end_of_record
TN:
SF:/Applications/MAMP/htdocs/Jsend/src/error.js
FN:1,(anonymous_1)
FN:4,checkError
FNF:2
FNH:2
FNDA:1,(anonymous_1)
FNDA:8,checkError
DA:1,1
DA:4,1
DA:6,8
DA:9,8
DA:10,1
DA:11,7
DA:12,1
DA:13,6
DA:14,1
DA:15,5
DA:16,1
DA:17,4
DA:18,1
DA:19,3
DA:20,1
DA:21,2
DA:22,1
DA:24,1
DA:27,8
DA:30,1
LF:20
LH:20
BRDA:7,1,0,8
BRDA:7,1,1,6
BRDA:9,2,0,1
BRDA:9,2,1,7
BRDA:11,3,0,1
BRDA:11,3,1,6
BRDA:13,4,0,1
BRDA:13,4,1,5
BRDA:15,5,0,1
BRDA:15,5,1,4
BRDA:17,6,0,1
BRDA:17,6,1,3
BRDA:19,7,0,1
BRDA:19,7,1,2
BRDA:21,8,0,1
BRDA:21,8,1,1
BRF:16
BRH:16
end_of_record
TN:
SF:/Applications/MAMP/htdocs/Jsend/src/ajax.js
FN:1,(anonymous_1)
FN:7,ajax
FN:14,isLteIE8
FN:64,ajaxOnTimeout
FN:78,ajaxOnLoad
FNF:5
FNH:4
FNDA:2,(anonymous_1)
FNDA:5,ajax
FNDA:5,isLteIE8
FNDA:0,ajaxOnTimeout
FNDA:6,ajaxOnLoad
DA:1,2
DA:4,2
DA:7,2
DA:8,5
DA:15,5
DA:17,5
DA:18,3
DA:21,2
DA:30,5
DA:33,5
DA:34,5
DA:37,5
DA:41,5
DA:42,0
DA:44,5
DA:48,5
DA:51,5
DA:52,5
DA:56,5
DA:57,5
DA:58,5
DA:63,5
DA:64,5
DA:66,0
DA:69,0
DA:74,0
DA:78,5
DA:80,6
DA:81,3
DA:85,3
DA:87,3
DA:93,0
DA:94,0
DA:98,0
DA:105,3
DA:109,5
DA:112,2
LF:37
LH:30
BRDA:17,1,0,3
BRDA:17,1,1,2
BRDA:17,2,0,5
BRDA:17,2,1,3
BRDA:23,3,0,3
BRDA:23,3,1,2
BRDA:41,4,0,0
BRDA:41,4,1,5
BRDA:41,5,0,5
BRDA:41,5,1,0
BRDA:41,5,2,0
BRDA:41,5,3,0
BRDA:51,6,0,5
BRDA:51,6,1,0
BRDA:57,7,0,5
BRDA:57,7,1,0
BRDA:80,8,0,3
BRDA:80,8,1,3
BRDA:80,9,0,6
BRDA:80,9,1,3
BRDA:85,10,0,3
BRDA:85,10,1,0
BRDA:85,11,0,3
BRDA:85,11,1,0
BRDA:85,11,2,0
BRDA:85,11,3,0
BRF:26
BRH:16
end_of_record
TN:
SF:/Applications/MAMP/htdocs/Jsend/src/merge.js
FN:1,(anonymous_1)
FN:5,merge
FN:13,(anonymous_3)
FN:24,(anonymous_4)
FN:28,(anonymous_5)
FNF:5
FNH:5
FNDA:1,(anonymous_1)
FNDA:23,merge
FNDA:11,(anonymous_3)
FNDA:35,(anonymous_4)
FNDA:37,(anonymous_5)
DA:1,1
DA:5,1
DA:6,23
DA:9,23
DA:10,7
DA:11,7
DA:13,7
DA:14,11
DA:15,4
DA:17,7
DA:18,7
DA:23,16
DA:24,16
DA:25,35
DA:28,16
DA:29,37
DA:30,30
DA:33,7
DA:34,1
DA:36,6
DA:42,23
DA:45,1
LF:22
LH:22
BRDA:7,1,0,23
BRDA:7,1,1,7
BRDA:7,1,2,16
BRDA:9,2,0,7
BRDA:9,2,1,16
BRDA:10,3,0,7
BRDA:10,3,1,3
BRDA:14,4,0,4
BRDA:14,4,1,7
BRDA:17,5,0,7
BRDA:17,5,1,0
BRDA:23,6,0,16
BRDA:23,6,1,0
BRDA:23,7,0,16
BRDA:23,7,1,16
BRDA:29,8,0,30
BRDA:29,8,1,7
BRDA:29,9,0,37
BRDA:29,9,1,7
BRDA:33,10,0,1
BRDA:33,10,1,6
BRF:21
BRH:19
end_of_record
TN:
SF:/Applications/MAMP/htdocs/Jsend/src/jsonp.js
FN:1,(anonymous_1)
FN:6,jsonp
FN:13,jsonpOnError
FN:28,jsonpResponse
FNF:4
FNH:1
FNDA:1,(anonymous_1)
FNDA:0,jsonp
FNDA:0,jsonpOnError
FNDA:0,jsonpResponse
DA:1,1
DA:4,1
DA:6,1
DA:7,0
DA:11,0
DA:13,0
DA:14,0
DA:15,0
DA:20,0
DA:24,0
DA:26,0
DA:28,0
DA:29,0
DA:31,0
DA:35,1
LF:15
LH:4
BRDA:9,1,0,0
BRDA:9,1,1,0
BRDA:11,2,0,0
BRDA:11,2,1,0
BRDA:14,3,0,0
BRDA:14,3,1,0
BRF:6
BRH:0
end_of_record
