TN:
SF:/Applications/MAMP/htdocs/Jsend/src/core.js
FN:13,(anonymous_1)
FN:16,core
FN:20,jsendGet
FN:31,jsendPost
FN:48,jsendJsonp
FNF:5
FNH:5
FNDA:1,(anonymous_1)
FNDA:1,core
FNDA:1,jsendGet
FNDA:2,jsendPost
FNDA:1,jsendJsonp
DA:13,1
DA:16,1
DA:17,1
DA:19,1
DA:21,1
DA:32,2
DA:41,2
DA:42,1
DA:45,2
DA:49,1
DA:60,1
LF:11
LH:11
BRDA:41,1,0,1
BRDA:41,1,1,1
BRDA:41,2,0,2
BRDA:41,2,1,1
BRDA:41,2,2,1
BRF:5
BRH:5
end_of_record
TN:
SF:/Applications/MAMP/htdocs/Jsend/src/request.js
FN:1,(anonymous_1)
FN:12,request
FN:31,handlePromise
FN:32,(anonymous_4)
FNF:4
FNH:4
FNDA:2,(anonymous_1)
FNDA:5,request
FNDA:4,handlePromise
FNDA:4,(anonymous_4)
DA:1,2
DA:4,2
DA:12,2
DA:13,5
DA:16,5
DA:17,1
DA:21,4
DA:24,4
DA:25,4
DA:27,4
DA:31,4
DA:32,4
DA:33,4
DA:38,4
DA:41,2
LF:15
LH:15
BRDA:16,1,0,1
BRDA:16,1,1,4
BRDA:17,2,0,1
BRDA:17,2,1,1
BRDA:21,3,0,1
BRDA:21,3,1,3
BRDA:24,4,0,4
BRDA:24,4,1,0
BRDA:24,5,0,4
BRDA:24,5,1,2
BRDA:24,5,2,4
BRDA:25,6,0,3
BRDA:25,6,1,1
BRF:13
BRH:12
end_of_record
TN:
SF:/Applications/MAMP/htdocs/Jsend/src/serialize.js
FN:1,(anonymous_1)
FN:4,serialize
FNF:2
FNH:2
FNDA:1,(anonymous_1)
FNDA:4,serialize
DA:1,1
DA:4,1
DA:5,4
DA:8,4
DA:9,1
DA:12,3
DA:13,9
DA:14,9
DA:18,3
DA:21,1
LF:10
LH:10
BRDA:8,1,0,1
BRDA:8,1,1,3
BRDA:13,2,0,9
BRDA:13,2,1,0
BRF:4
BRH:3
end_of_record
TN:
SF:/Applications/MAMP/htdocs/Jsend/src/validate.js
FN:1,(anonymous_1)
FN:7,validateRequest
FN:8,isValidJsend
FNF:3
FNH:3
FNDA:2,(anonymous_1)
FNDA:4,validateRequest
FNDA:4,isValidJsend
DA:1,2
DA:4,2
DA:7,2
DA:8,1
DA:9,4
DA:10,3
DA:11,2
DA:14,1
DA:15,1
DA:19,1
DA:23,4
DA:25,3
DA:26,1
DA:28,2
DA:31,1
DA:36,1
DA:40,2
LF:17
LH:17
BRDA:9,1,0,3
BRDA:9,1,1,1
BRDA:9,2,0,4
BRDA:9,2,1,3
BRDA:10,3,0,2
BRDA:10,3,1,1
BRDA:10,4,0,3
BRDA:10,4,1,2
BRDA:10,4,2,2
BRDA:14,5,0,1
BRDA:14,5,1,0
BRDA:14,6,0,1
BRDA:14,6,1,1
BRDA:23,7,0,3
BRDA:23,7,1,1
BRDA:25,8,0,1
BRDA:25,8,1,2
BRF:17
BRH:16
end_of_record
TN:
SF:/Applications/MAMP/htdocs/Jsend/src/error.js
FN:1,(anonymous_1)
FN:4,error
FNF:2
FNH:2
FNDA:1,(anonymous_1)
FNDA:8,error
DA:1,1
DA:4,1
DA:6,8
DA:9,8
DA:10,1
DA:11,7
DA:12,1
DA:13,6
DA:14,1
DA:15,5
DA:16,1
DA:17,4
DA:18,1
DA:19,3
DA:20,1
DA:21,2
DA:22,1
DA:24,1
DA:27,8
DA:30,1
LF:20
LH:20
BRDA:7,1,0,8
BRDA:7,1,1,6
BRDA:9,2,0,1
BRDA:9,2,1,7
BRDA:11,3,0,1
BRDA:11,3,1,6
BRDA:13,4,0,1
BRDA:13,4,1,5
BRDA:15,5,0,1
BRDA:15,5,1,4
BRDA:17,6,0,1
BRDA:17,6,1,3
BRDA:19,7,0,1
BRDA:19,7,1,2
BRDA:21,8,0,1
BRDA:21,8,1,1
BRF:16
BRH:16
end_of_record
TN:
SF:/Applications/MAMP/htdocs/Jsend/src/ajax.js
FN:1,(anonymous_1)
FN:7,ajax
FN:15,isLteIE8
FN:65,ajaxOnTimeout
FN:79,ajaxOnLoad
FNF:5
FNH:4
FNDA:2,(anonymous_1)
FNDA:5,ajax
FNDA:5,isLteIE8
FNDA:0,ajaxOnTimeout
FNDA:14,ajaxOnLoad
DA:1,2
DA:4,2
DA:7,2
DA:8,5
DA:16,5
DA:18,5
DA:19,3
DA:22,2
DA:34,5
DA:35,5
DA:38,5
DA:42,5
DA:43,0
DA:45,5
DA:49,5
DA:52,5
DA:53,3
DA:57,5
DA:58,5
DA:59,5
DA:64,5
DA:65,5
DA:67,0
DA:70,0
DA:75,0
DA:79,5
DA:81,14
DA:82,9
DA:86,5
DA:88,5
DA:89,1
DA:94,4
DA:97,5
DA:101,5
DA:104,2
LF:35
LH:31
BRDA:18,1,0,3
BRDA:18,1,1,2
BRDA:18,2,0,5
BRDA:18,2,1,3
BRDA:24,3,0,3
BRDA:24,3,1,2
BRDA:42,4,0,0
BRDA:42,4,1,5
BRDA:42,5,0,5
BRDA:42,5,1,0
BRDA:42,5,2,0
BRDA:42,5,3,0
BRDA:52,6,0,3
BRDA:52,6,1,2
BRDA:58,7,0,5
BRDA:58,7,1,0
BRDA:81,8,0,9
BRDA:81,8,1,5
BRDA:81,9,0,14
BRDA:81,9,1,5
BRDA:86,10,0,5
BRDA:86,10,1,5
BRDA:86,10,2,5
BRDA:86,10,3,1
BRDA:88,11,0,1
BRDA:88,11,1,4
BRF:26
BRH:21
end_of_record
TN:
SF:/Applications/MAMP/htdocs/Jsend/src/merge.js
FN:1,(anonymous_1)
FN:5,merge
FN:13,(anonymous_3)
FN:24,(anonymous_4)
FN:28,(anonymous_5)
FNF:5
FNH:5
FNDA:1,(anonymous_1)
FNDA:10,merge
FNDA:11,(anonymous_3)
FNDA:3,(anonymous_4)
FNDA:6,(anonymous_5)
DA:1,1
DA:5,1
DA:6,10
DA:9,10
DA:10,7
DA:11,7
DA:13,7
DA:14,11
DA:15,4
DA:17,7
DA:18,7
DA:23,3
DA:24,3
DA:25,3
DA:28,3
DA:29,6
DA:30,4
DA:33,2
DA:34,1
DA:36,1
DA:42,10
DA:45,1
LF:22
LH:22
BRDA:7,1,0,10
BRDA:7,1,1,7
BRDA:7,1,2,3
BRDA:9,2,0,7
BRDA:9,2,1,3
BRDA:10,3,0,7
BRDA:10,3,1,3
BRDA:14,4,0,4
BRDA:14,4,1,7
BRDA:17,5,0,7
BRDA:17,5,1,0
BRDA:23,6,0,3
BRDA:23,6,1,0
BRDA:23,7,0,3
BRDA:23,7,1,3
BRDA:29,8,0,4
BRDA:29,8,1,2
BRDA:29,9,0,6
BRDA:29,9,1,2
BRDA:33,10,0,1
BRDA:33,10,1,1
BRF:21
BRH:19
end_of_record
TN:
SF:/Applications/MAMP/htdocs/Jsend/src/jsonp.js
FN:1,(anonymous_1)
FN:6,jsonp
FN:15,jsonpOnError
FN:30,jsonpResponse
FNF:4
FNH:1
FNDA:1,(anonymous_1)
FNDA:0,jsonp
FNDA:0,jsonpOnError
FNDA:0,jsonpResponse
DA:1,1
DA:4,1
DA:6,1
DA:7,0
DA:11,0
DA:13,0
DA:15,0
DA:16,0
DA:17,0
DA:22,0
DA:26,0
DA:28,0
DA:30,0
DA:31,0
DA:33,0
DA:37,1
LF:16
LH:4
BRDA:9,1,0,0
BRDA:9,1,1,0
BRDA:13,2,0,0
BRDA:13,2,1,0
BRDA:16,3,0,0
BRDA:16,3,1,0
BRF:6
BRH:0
end_of_record
